<?xml version="1.0" encoding="UTF-8"?>
<!-- Generated by org.testng.reporters.JUnitReportReporter -->
<testsuite hostname="DESKTOP-LRITEIL" failures="0" tests="2" name="com.cicdseleniumframework.qa.testcases.Login" time="28.516" errors="0" timestamp="27 Nov 2023 12:55:25 GMT" skipped="0">
  <testcase classname="com.cicdseleniumframework.qa.testcases.Login" name="verifyLoginWithInValidPasswordCredentialsandDataProvider" time="11.156"/>
  <testcase classname="com.cicdseleniumframework.qa.testcases.Login" name="verifyLoginWithInValidPasswordCredentialsandDataProvider" time="17.360"/>
</testsuite> <!-- com.cicdseleniumframework.qa.testcases.Login -->
