<?xml version="1.0" encoding="UTF-8"?>
<!-- Generated by org.testng.reporters.JUnitReportReporter -->
<testsuite hostname="DESKTOP-LRITEIL" failures="0" tests="2" name="com.cicdseleniumframework.qa.testcases.LoginTest" time="24.740" errors="0" timestamp="17 Dec 2023 17:54:19 GMT" skipped="0">
  <testcase classname="com.cicdseleniumframework.qa.testcases.LoginTest" name="verifyLoginWithValidCredentials" time="13.973"/>
  <testcase classname="com.cicdseleniumframework.qa.testcases.LoginTest" name="verifyLoginWithInValidPasswordCredentials" time="10.767"/>
</testsuite> <!-- com.cicdseleniumframework.qa.testcases.LoginTest -->
