<?xml version="1.0" encoding="UTF-8"?>
<!-- Generated by org.testng.reporters.JUnitReportReporter -->
<testsuite hostname="DESKTOP-LRITEIL" failures="0" tests="2" name="com.cicdseleniumframework.qa.testcases.RegisterTest" time="18.149" errors="0" timestamp="26 Dec 2023 03:20:35 GMT" skipped="0">
  <testcase classname="com.cicdseleniumframework.qa.testcases.RegisterTest" name="verifyRegisterwithoutFillingDetails" time="9.761"/>
  <testcase classname="com.cicdseleniumframework.qa.testcases.RegisterTest" name="verifyRegisteringAnAccount" time="8.388"/>
</testsuite> <!-- com.cicdseleniumframework.qa.testcases.RegisterTest -->
