<?xml version="1.0" encoding="UTF-8"?>
<!-- Generated by org.testng.reporters.JUnitReportReporter -->
<testsuite hostname="DESKTOP-LRITEIL" failures="0" tests="2" name="com.cicdseleniumframework.qa.testcases.LoginTest" time="27.509" errors="0" timestamp="30 Dec 2023 18:03:29 GMT" skipped="0">
  <testcase classname="com.cicdseleniumframework.qa.testcases.LoginTest" name="verifyLoginWithValidCredentials" time="12.207"/>
  <testcase classname="com.cicdseleniumframework.qa.testcases.LoginTest" name="verifyLoginWithInValidPasswordCredentials" time="15.302"/>
</testsuite> <!-- com.cicdseleniumframework.qa.testcases.LoginTest -->
