<?xml version="1.0" encoding="UTF-8"?>
<!-- Generated by org.testng.reporters.JUnitReportReporter -->
<testsuite hostname="DESKTOP-LRITEIL" failures="0" tests="2" name="com.cicdseleniumframework.qa.testcases.Register" time="18.039" errors="0" timestamp="25 Nov 2023 20:50:41 GMT" skipped="0">
  <testcase classname="com.cicdseleniumframework.qa.testcases.Register" name="verifyRegisteringAnAccount" time="10.134"/>
  <testcase classname="com.cicdseleniumframework.qa.testcases.Register" name="verifyRegisterwithoutFillingDetails" time="7.905"/>
</testsuite> <!-- com.cicdseleniumframework.qa.testcases.Register -->
