<?xml version="1.0" encoding="UTF-8"?>
<!-- Generated by org.testng.reporters.JUnitReportReporter -->
<testsuite hostname="DESKTOP-LRITEIL" failures="0" tests="2" name="com.cicdseleniumframework.qa.testcases.RegisterTest" time="16.576" errors="0" timestamp="17 Dec 2023 14:06:49 GMT" skipped="0">
  <testcase classname="com.cicdseleniumframework.qa.testcases.RegisterTest" name="verifyRegisterwithoutFillingDetails" time="7.733"/>
  <testcase classname="com.cicdseleniumframework.qa.testcases.RegisterTest" name="verifyRegisteringAnAccount" time="8.843"/>
</testsuite> <!-- com.cicdseleniumframework.qa.testcases.RegisterTest -->
