<?xml version="1.0" encoding="UTF-8"?>
<!-- Generated by org.testng.reporters.JUnitReportReporter -->
<testsuite hostname="DESKTOP-LRITEIL" failures="0" tests="2" name="com.cicdseleniumframework.qa.testcases.RegisterTest" time="19.041" errors="0" timestamp="17 Dec 2023 17:38:54 GMT" skipped="0">
  <testcase classname="com.cicdseleniumframework.qa.testcases.RegisterTest" name="verifyRegisterwithoutFillingDetails" time="8.848"/>
  <testcase classname="com.cicdseleniumframework.qa.testcases.RegisterTest" name="verifyRegisteringAnAccount" time="10.193"/>
</testsuite> <!-- com.cicdseleniumframework.qa.testcases.RegisterTest -->
