<?xml version="1.0" encoding="UTF-8"?>
<!-- Generated by org.testng.reporters.JUnitReportReporter -->
<testsuite hostname="DESKTOP-LRITEIL" failures="0" tests="2" name="com.cicdseleniumframework.qa.testcases.RegisterTest" time="18.293" errors="0" timestamp="10 Dec 2023 18:36:45 GMT" skipped="0">
  <testcase classname="com.cicdseleniumframework.qa.testcases.RegisterTest" name="verifyRegisteringAnAccount" time="9.734"/>
  <testcase classname="com.cicdseleniumframework.qa.testcases.RegisterTest" name="verifyRegisterwithoutFillingDetails" time="8.559"/>
</testsuite> <!-- com.cicdseleniumframework.qa.testcases.RegisterTest -->
